<?xml version="1.0" encoding="UTF-8"?>
<!-- Generated by org.testng.reporters.JUnitReportReporter -->
<testsuite skipped="0" hostname="MSI" name="com.automation.tests.TestNGTest" tests="1" failures="0" timestamp="08 Jan 2022 03:12:52 GMT" time="0.088" errors="0">
  <testcase name="secondTest" time="0.088" classname="com.automation.tests.TestNGTest"/>
</testsuite> <!-- com.automation.tests.TestNGTest -->
